Arguments: 
  C:\Program Files (x86)\nodejs\node.exe C:\Users\26939\AppData\Roaming\npm\node_modules\yarn\bin\yarn.js init mongoose

PATH: 
  C:\Program Files (x86)\Common Files\Oracle\Java\javapath;C:\WINDOWS\system32;C:\WINDOWS;C:\WINDOWS\System32\Wbem;C:\WINDOWS\System32\WindowsPowerShell\v1.0\;C:\WINDOWS\System32\OpenSSH\;D:\matlab\runtime\win64;D:\matlab\bin;D:\Git\cmd;C:\Users\        \AppData\Local\atom\bin;C:\MinGW\bin;C:\Program Files\Common Files\Autodesk Shared\;C:\Program Files\Microsoft SQL Server\120\Tools\Binn\;C:\Program Files\NVIDIA Corporation\NVIDIA NvDLISR;C:\Program Files (x86)\NVIDIA Corporation\PhysX\Common;D:\Brackets\command;C:\Program Files (x86)\nodejs\;C:\Users\26939\AppData\Local\Programs\Python\Python38-32\Scripts\;C:\Users\26939\AppData\Local\Programs\Python\Python38-32\;C:\Program Files (x86)\Common Files\Oracle\Java\javapath;C:\WINDOWS\system32;C:\WINDOWS;C:\WINDOWS\System32\Wbem;C:\WINDOWS\System32\WindowsPowerShell\v1.0\;C:\WINDOWS\System32\OpenSSH\;D:\matlab\runtime\win64;D:\matlab\bin;D:\Git\cmd;D:\nodejs\;C:\Users\        \AppData\Local\atom\bin;C:\MinGW\bin;H:\WebStorm 2019.2.4\bin;;C:\Users\26939\AppData\Roaming\npm;C:\Users\26939\AppData\Local\Yarn\Data\global;C:\Users\26939\AppData\Local\Yarn\bin;D:\Microsoft VS Code\bin;C:\Program Files\MongoDB\Server\3.2\bin;

Yarn version: 
  1.22.10

Node version: 
  14.15.1

Platform: 
  win32 ia32

Trace: 
  Error: canceled
      at Interface.<anonymous> (C:\Users\26939\AppData\Roaming\npm\node_modules\yarn\lib\cli.js:136216:13)
      at Interface.emit (events.js:315:20)
      at Interface._ttyWrite (readline.js:875:16)
      at ReadStream.onkeypress (readline.js:213:10)
      at ReadStream.emit (events.js:315:20)
      at emitKeys (internal/readline/utils.js:345:14)
      at emitKeys.next (<anonymous>)
      at ReadStream.onData (readline.js:1144:36)
      at ReadStream.emit (events.js:315:20)
      at addChunk (_stream_readable.js:309:12)

npm manifest: 
  {
    "name": "htmlfile",
    "version": "1.0.0",
    "description": "wsw html file.",
    "main": "4",
    "author": "wsw",
    "license": "MIT"
  }

yarn manifest: 
  No manifest

Lockfile: 
  No lockfile
